<?xml version="1.0" encoding="UTF-8"?>
<testng-results ignored="0" total="1" passed="1" failed="0" skipped="0">
  <reporter-output>
  </reporter-output>
  <suite started-at="2021-07-15T10:50:22 EDT" name="Default suite" finished-at="2021-07-15T10:50:31 EDT" duration-ms="9504">
    <groups>
    </groups>
    <test started-at="2021-07-15T10:50:22 EDT" name="Default test" finished-at="2021-07-15T10:50:31 EDT" duration-ms="9504">
      <class name="com.testing.TestExecution">
        <test-method is-config="true" signature="setUp()[pri:0, instance:com.testing.TestExecution@2accdbb5]" started-at="2021-07-15T10:50:22 EDT" name="setUp" finished-at="2021-07-15T10:50:25 EDT" duration-ms="3765" status="PASS">
          <reporter-output>
          </reporter-output>
        </test-method> <!-- setUp -->
        <test-method signature="login()[pri:0, instance:com.testing.TestExecution@2accdbb5]" started-at="2021-07-15T10:50:25 EDT" name="login" finished-at="2021-07-15T10:50:30 EDT" duration-ms="5037" status="PASS">
          <reporter-output>
          </reporter-output>
        </test-method> <!-- login -->
        <test-method is-config="true" signature="teardown()[pri:0, instance:com.testing.TestExecution@2accdbb5]" started-at="2021-07-15T10:50:30 EDT" name="teardown" finished-at="2021-07-15T10:50:31 EDT" duration-ms="665" status="PASS">
          <reporter-output>
          </reporter-output>
        </test-method> <!-- teardown -->
      </class> <!-- com.testing.TestExecution -->
    </test> <!-- Default test -->
  </suite> <!-- Default suite -->
</testng-results>
